This is pdfTeX, Version 3.14159265-2.6-1.40.19 (TeX Live 2018/Debian) (preloaded format=pdflatex 2018.5.21)  21 MAY 2018 22:30
entering extended mode
 restricted \write18 enabled.
 %&-line parsing enabled.
**/home/arnaud/code/dotfiles/.emacs.d/myinit.org
(/home/arnaud/code/dotfiles/.emacs.d/myinit.org
LaTeX2e <2018-04-01> patch level 4
Babel <3.20> and hyphenation patterns for 84 language(s) loaded.
! You can't use `macro parameter character #' in vertical mode.
l.1 #
     +STARTUP: overview
? 
! Emergency stop.
l.1 #
     +STARTUP: overview
End of file on the terminal!

 
Here is how much of TeX's memory you used:
 7 strings out of 492649
 240 string characters out of 6132031
 56455 words of memory out of 5000000
 3988 multiletter control sequences out of 15000+600000
 3640 words of font info for 14 fonts, out of 8000000 for 9000
 1141 hyphenation exceptions out of 8191
 5i,0n,1p,68b,8s stack positions out of 5000i,500n,10000p,200000b,80000s
!  ==> Fatal error occurred, no output PDF file produced!
